<?xml version="1.0" encoding="UTF-8"?>
<!-- Generated by org.testng.reporters.JUnitReportReporter -->
<testsuite skipped="0" hostname="Jo" name="com.TestNgF.Hierarchy_TestNg" tests="3" failures="0" timestamp="2022-09-07T17:25:41 IST" time="0.005" errors="0">
  <testcase name="testone" time="0.004" classname="com.TestNgF.Hierarchy_TestNg"/>
  <system-out/>
  <testcase name="testtwo" time="0.001" classname="com.TestNgF.Hierarchy_TestNg"/>
  <system-out/>
  <testcase name="testthree" time="0.000" classname="com.TestNgF.Hierarchy_TestNg"/>
  <system-out/>
</testsuite> <!-- com.TestNgF.Hierarchy_TestNg -->
