<?xml version="1.0" encoding="UTF-8"?>
<!-- Generated by org.testng.reporters.JUnitReportReporter -->
<testsuite skipped="0" hostname="Jo" name="com.TestNgF.Hierarchy_TestNg" tests="3" failures="0" timestamp="2022-08-01T12:19:05 IST" time="0.013" errors="0">
  <testcase name="testone" time="0.008" classname="com.TestNgF.Hierarchy_TestNg"/>
  <system-out/>
  <testcase name="testtwo" time="0.002" classname="com.TestNgF.Hierarchy_TestNg"/>
  <system-out/>
  <testcase name="testthree" time="0.003" classname="com.TestNgF.Hierarchy_TestNg"/>
  <system-out/>
</testsuite> <!-- com.TestNgF.Hierarchy_TestNg -->
