<?xml version="1.0" encoding="UTF-8"?>
<!-- Generated by org.testng.reporters.JUnitReportReporter -->
<testsuite skipped="0" hostname="Jo" name="com.TestNgF.Groups_Testing" tests="4" failures="0" timestamp="2022-08-01T16:29:48 IST" time="0.006" errors="0">
  <testcase name="applepro" time="0.005" classname="com.TestNgF.Groups_Testing"/>
  <system-out/>
  <testcase name="dellpro" time="0.000" classname="com.TestNgF.Groups_Testing"/>
  <system-out/>
  <testcase name="dellone" time="0.000" classname="com.TestNgF.Groups_Testing"/>
  <system-out/>
  <testcase name="applewatch" time="0.001" classname="com.TestNgF.Groups_Testing"/>
  <system-out/>
</testsuite> <!-- com.TestNgF.Groups_Testing -->
