<?xml version="1.0" encoding="UTF-8"?>
<!-- Generated by org.testng.reporters.JUnitReportReporter -->
<testsuite skipped="0" hostname="Jo" name="com.TestNgF.Test_Ng_Ap" tests="7" failures="0" timestamp="2022-08-01T10:02:11 IST" time="0.009" errors="0">
  <testcase name="musicon" time="0.001" classname="com.TestNgF.Test_Ng_Ap"/>
  <system-out/>
  <testcase name="engineStart" time="0.005" classname="com.TestNgF.Test_Ng_Ap"/>
  <system-out/>
  <testcase name="firstGear" time="0.000" classname="com.TestNgF.Test_Ng_Ap"/>
  <system-out/>
  <testcase name="secondGear" time="0.001" classname="com.TestNgF.Test_Ng_Ap"/>
  <system-out/>
  <testcase name="thirdGear" time="0.001" classname="com.TestNgF.Test_Ng_Ap"/>
  <system-out/>
  <testcase name="fourthGear" time="0.000" classname="com.TestNgF.Test_Ng_Ap"/>
  <system-out/>
  <testcase name="accar" time="0.001" classname="com.TestNgF.Test_Ng_Ap"/>
  <system-out/>
</testsuite> <!-- com.TestNgF.Test_Ng_Ap -->
