<?xml version="1.0" encoding="UTF-8"?>
<!-- Generated by org.testng.reporters.JUnitReportReporter -->
<testsuite skipped="0" hostname="Jo" name="com.TestNgF.TestSuite" tests="3" failures="0" timestamp="2022-08-01T11:30:22 IST" time="6.097" errors="0">
  <testcase name="openBing" time="0.343" classname="com.TestNgF.TestSuite"/>
  <system-out/>
  <testcase name="openGoogle" time="4.659" classname="com.TestNgF.TestSuite"/>
  <system-out/>
  <testcase name="openYahoo" time="1.095" classname="com.TestNgF.TestSuite"/>
  <system-out/>
</testsuite> <!-- com.TestNgF.TestSuite -->
