<?xml version="1.0" encoding="UTF-8"?>
<!-- Generated by org.testng.reporters.JUnitReportReporter -->
<testsuite skipped="0" hostname="Jo" name="com.TestNgF.Parameterization_TestNg" tests="1" failures="0" timestamp="2022-08-01T20:34:55 IST" time="0.011" errors="0">
  <testcase name="car" time="0.011" classname="com.TestNgF.Parameterization_TestNg"/>
  <system-out/>
</testsuite> <!-- com.TestNgF.Parameterization_TestNg -->
