<?xml version="1.0" encoding="UTF-8"?>
<!-- Generated by org.testng.reporters.JUnitReportReporter -->
<testsuite skipped="0" hostname="Jo" name="com.TestNgF.Expected_Exceptions" tests="1" failures="0" timestamp="2022-08-02T20:38:00 IST" time="0.005" errors="0">
  <testcase name="arith" time="0.005" classname="com.TestNgF.Expected_Exceptions"/>
  <system-out/>
</testsuite> <!-- com.TestNgF.Expected_Exceptions -->
