<?xml version="1.0" encoding="UTF-8"?>
<!-- Generated by org.testng.reporters.JUnitReportReporter -->
<testsuite skipped="0" hostname="Jo" name="com.RealTimeTestCases.WrongUsername" tests="2" failures="0" timestamp="2022-08-01T20:44:38 IST" time="3.957" errors="0">
  <testcase name="crctusername" time="2.659" classname="com.RealTimeTestCases.WrongUsername"/>
  <system-out/>
  <testcase name="wrongusername" time="1.298" classname="com.RealTimeTestCases.WrongUsername"/>
  <system-out/>
</testsuite> <!-- com.RealTimeTestCases.WrongUsername -->
