<?xml version="1.0" encoding="UTF-8"?>
<!-- Generated by org.testng.reporters.JUnitReportReporter -->
<testsuite skipped="0" hostname="Jo" name="com.TestNgF.Parallel_Testing" tests="2" failures="0" timestamp="2022-08-01T21:31:22 IST" time="10.057" errors="0">
  <testcase name="bing" time="2.925" classname="com.TestNgF.Parallel_Testing"/>
  <system-out/>
  <testcase name="google" time="7.132" classname="com.TestNgF.Parallel_Testing"/>
  <system-out/>
</testsuite> <!-- com.TestNgF.Parallel_Testing -->
