<?xml version="1.0" encoding="UTF-8"?>
<!-- Generated by org.testng.reporters.JUnitReportReporter -->
<testsuite skipped="2" hostname="Jo" name="com.Listeners.Implementation_Class" tests="3" failures="0" timestamp="2022-09-07T17:19:58 IST" time="1.547" errors="1">
  <testcase name="launch" time="1.547" classname="com.Listeners.Implementation_Class">
    <error type="org.openqa.selenium.SessionNotCreatedException" message="session not created: This version of Microsoft Edge WebDriver only supports Microsoft Edge version 103
Current browser version is 105.0.1343.27 with binary path C:\Program Files (x86)\Microsoft\Edge\Application\msedge.exe
Build info: version: &#039;3.141.59&#039;, revision: &#039;e82be7d358&#039;, time: &#039;2018-11-14T08:25:53&#039;
System info: host: &#039;JO&#039;, ip: &#039;192.168.137.1&#039;, os.name: &#039;Windows 10&#039;, os.arch: &#039;amd64&#039;, os.version: &#039;10.0&#039;, java.version: &#039;1.8.0_311&#039;
Driver info: driver.version: EdgeDriver
remote stacktrace: Backtrace:
	Microsoft::Applications::Events::EventProperties::unpack [0x00007FF76C7B6412+24642]
	Microsoft::Applications::Events::GUID_t::GUID_t [0x00007FF76C709B62+334098]
	Ordinal0 [0x00007FF76C2A7A25+621093]
	Ordinal0 [0x00007FF76C2D39FC+801276]
	Ordinal0 [0x00007FF76C2CF7A1+784289]
	Ordinal0 [0x00007FF76C2CAAFE+764670]
	Ordinal0 [0x00007FF76C30470F+1001231]
	Ordinal0 [0x00007FF76C2FEDC3+978371]
	Ordinal0 [0x00007FF76C2D6010+811024]
	Ordinal0 [0x00007FF76C2D7618+816664]
	Microsoft::Applications::Events::EventProperty::EventProperty [0x00007FF76C56D678+135480]
	Microsoft::Applications::Events::EventProperty::EventProperty [0x00007FF76C554D77+34871]
	Microsoft::Applications::Events::EventProperty::EventProperty [0x00007FF76C557DFC+47292]
	Microsoft::Applications::Events::EventProperty::to_string [0x00007FF76C3B12C6+23222]
	Microsoft::Applications::Events::GUID_t::GUID_t [0x00007FF76C71106B+364059]
	Microsoft::Applications::Events::GUID_t::GUID_t [0x00007FF76C715AA4+383060]
	Microsoft::Applications::Events::GUID_t::GUID_t [0x00007FF76C715BFD+383405]
	Microsoft::Applications::Events::time_ticks_t::time_ticks_t [0x00007FF76C72050E+39918]
	BaseThreadInitThunk [0x00007FF915207034+20]
	RtlUserThreadStart [0x00007FF9165E2651+33]
">
      <![CDATA[org.openqa.selenium.SessionNotCreatedException: session not created: This version of Microsoft Edge WebDriver only supports Microsoft Edge version 103
Current browser version is 105.0.1343.27 with binary path C:\Program Files (x86)\Microsoft\Edge\Application\msedge.exe
Build info: version: '3.141.59', revision: 'e82be7d358', time: '2018-11-14T08:25:53'
System info: host: 'JO', ip: '192.168.137.1', os.name: 'Windows 10', os.arch: 'amd64', os.version: '10.0', java.version: '1.8.0_311'
Driver info: driver.version: EdgeDriver
remote stacktrace: Backtrace:
Microsoft::Applications::Events::EventProperties::unpack [0x00007FF76C7B6412+24642]
Microsoft::Applications::Events::GUID_t::GUID_t [0x00007FF76C709B62+334098]
Ordinal0 [0x00007FF76C2A7A25+621093]
Ordinal0 [0x00007FF76C2D39FC+801276]
Ordinal0 [0x00007FF76C2CF7A1+784289]
Ordinal0 [0x00007FF76C2CAAFE+764670]
Ordinal0 [0x00007FF76C30470F+1001231]
Ordinal0 [0x00007FF76C2FEDC3+978371]
Ordinal0 [0x00007FF76C2D6010+811024]
Ordinal0 [0x00007FF76C2D7618+816664]
Microsoft::Applications::Events::EventProperty::EventProperty [0x00007FF76C56D678+135480]
Microsoft::Applications::Events::EventProperty::EventProperty [0x00007FF76C554D77+34871]
Microsoft::Applications::Events::EventProperty::EventProperty [0x00007FF76C557DFC+47292]
Microsoft::Applications::Events::EventProperty::to_string [0x00007FF76C3B12C6+23222]
Microsoft::Applications::Events::GUID_t::GUID_t [0x00007FF76C71106B+364059]
Microsoft::Applications::Events::GUID_t::GUID_t [0x00007FF76C715AA4+383060]
Microsoft::Applications::Events::GUID_t::GUID_t [0x00007FF76C715BFD+383405]
Microsoft::Applications::Events::time_ticks_t::time_ticks_t [0x00007FF76C72050E+39918]
BaseThreadInitThunk [0x00007FF915207034+20]
RtlUserThreadStart [0x00007FF9165E2651+33]

at sun.reflect.NativeConstructorAccessorImpl.newInstance0(Native Method)
at sun.reflect.NativeConstructorAccessorImpl.newInstance(Unknown Source)
at sun.reflect.DelegatingConstructorAccessorImpl.newInstance(Unknown Source)
at java.lang.reflect.Constructor.newInstance(Unknown Source)
at org.openqa.selenium.remote.W3CHandshakeResponse.lambda$errorHandler$0(W3CHandshakeResponse.java:62)
at org.openqa.selenium.remote.HandshakeResponse.lambda$getResponseFunction$0(HandshakeResponse.java:30)
at org.openqa.selenium.remote.ProtocolHandshake.lambda$createSession$0(ProtocolHandshake.java:126)
at java.util.stream.ReferencePipeline$3$1.accept(Unknown Source)
at java.util.Spliterators$ArraySpliterator.tryAdvance(Unknown Source)
at java.util.stream.ReferencePipeline.forEachWithCancel(Unknown Source)
at java.util.stream.AbstractPipeline.copyIntoWithCancel(Unknown Source)
at java.util.stream.AbstractPipeline.copyInto(Unknown Source)
at java.util.stream.AbstractPipeline.wrapAndCopyInto(Unknown Source)
at java.util.stream.FindOps$FindOp.evaluateSequential(Unknown Source)
at java.util.stream.AbstractPipeline.evaluate(Unknown Source)
at java.util.stream.ReferencePipeline.findFirst(Unknown Source)
at org.openqa.selenium.remote.ProtocolHandshake.createSession(ProtocolHandshake.java:128)
at org.openqa.selenium.remote.ProtocolHandshake.createSession(ProtocolHandshake.java:74)
at org.openqa.selenium.remote.HttpCommandExecutor.execute(HttpCommandExecutor.java:136)
at org.openqa.selenium.remote.service.DriverCommandExecutor.execute(DriverCommandExecutor.java:83)
at org.openqa.selenium.remote.RemoteWebDriver.execute(RemoteWebDriver.java:552)
at org.openqa.selenium.remote.RemoteWebDriver.startSession(RemoteWebDriver.java:213)
at org.openqa.selenium.remote.RemoteWebDriver.<init>(RemoteWebDriver.java:131)
at org.openqa.selenium.edge.EdgeDriver.<init>(EdgeDriver.java:141)
at org.openqa.selenium.edge.EdgeDriver.<init>(EdgeDriver.java:96)
at com.Listeners.Base_Class.launch(Base_Class.java:25)
at sun.reflect.NativeMethodAccessorImpl.invoke0(Native Method)
at sun.reflect.NativeMethodAccessorImpl.invoke(Unknown Source)
at sun.reflect.DelegatingMethodAccessorImpl.invoke(Unknown Source)
at java.lang.reflect.Method.invoke(Unknown Source)
at org.testng.internal.MethodInvocationHelper.invokeMethod(MethodInvocationHelper.java:133)
at org.testng.internal.MethodInvocationHelper.invokeMethodConsideringTimeout(MethodInvocationHelper.java:62)
at org.testng.internal.ConfigInvoker.invokeConfigurationMethod(ConfigInvoker.java:385)
at org.testng.internal.ConfigInvoker.invokeConfigurations(ConfigInvoker.java:321)
at org.testng.TestRunner.invokeTestConfigurations(TestRunner.java:637)
at org.testng.TestRunner.beforeRun(TestRunner.java:627)
at org.testng.TestRunner.run(TestRunner.java:589)
at org.testng.SuiteRunner.runTest(SuiteRunner.java:377)
at org.testng.SuiteRunner.runSequentially(SuiteRunner.java:371)
at org.testng.SuiteRunner.privateRun(SuiteRunner.java:332)
at org.testng.SuiteRunner.run(SuiteRunner.java:276)
at org.testng.SuiteRunnerWorker.runSuite(SuiteRunnerWorker.java:53)
at org.testng.SuiteRunnerWorker.run(SuiteRunnerWorker.java:96)
at org.testng.TestNG.runSuitesSequentially(TestNG.java:1212)
at org.testng.TestNG.runSuitesLocally(TestNG.java:1134)
at org.testng.TestNG.runSuites(TestNG.java:1063)
at org.testng.TestNG.run(TestNG.java:1031)
at org.testng.remote.AbstractRemoteTestNG.run(AbstractRemoteTestNG.java:115)
at org.testng.remote.RemoteTestNG.initAndRun(RemoteTestNG.java:251)
at org.testng.remote.RemoteTestNG.main(RemoteTestNG.java:77)
]]>
    </error>
  </testcase> <!-- launch -->
  <system-out/>
  <testcase name="fb" time="0.000" classname="com.Listeners.Implementation_Class">
    <skipped/>
  </testcase> <!-- fb -->
  <system-out/>
  <testcase name="insta" time="0.000" classname="com.Listeners.Implementation_Class">
    <skipped/>
  </testcase> <!-- insta -->
  <system-out/>
</testsuite> <!-- com.Listeners.Implementation_Class -->
