<?xml version="1.0" encoding="UTF-8"?>
<!-- Generated by org.testng.reporters.JUnitReportReporter -->
<testsuite skipped="0" hostname="Jo" name="com.TestNgF.Sample_Intro" tests="6" failures="0" timestamp="2022-08-01T09:45:20 IST" time="0.006" errors="0">
  <testcase name="engineStart" time="0.004" classname="com.TestNgF.Sample_Intro"/>
  <system-out/>
  <testcase name="firstGear" time="0.001" classname="com.TestNgF.Sample_Intro"/>
  <system-out/>
  <testcase name="secondGear" time="0.001" classname="com.TestNgF.Sample_Intro"/>
  <system-out/>
  <testcase name="thirdGear" time="0.000" classname="com.TestNgF.Sample_Intro"/>
  <system-out/>
  <testcase name="fourthGear" time="0.000" classname="com.TestNgF.Sample_Intro"/>
  <system-out/>
  <testcase name="fifthGear" time="0.000" classname="com.TestNgF.Sample_Intro"/>
  <system-out/>
</testsuite> <!-- com.TestNgF.Sample_Intro -->
