<?xml version="1.0" encoding="UTF-8"?>
<!-- Generated by org.testng.reporters.JUnitReportReporter -->
<testsuite skipped="0" hostname="Jo" name="com.TestNgF.Data_Provider" tests="4" failures="0" timestamp="2022-08-01T21:15:10 IST" time="32.229" errors="0">
  <testcase name="crctusername" time="6.099" classname="com.TestNgF.Data_Provider"/>
  <system-out/>
  <testcase name="crctusername" time="2.039" classname="com.TestNgF.Data_Provider"/>
  <system-out/>
  <testcase name="crctusername" time="18.681" classname="com.TestNgF.Data_Provider"/>
  <system-out/>
  <testcase name="crctusername" time="5.410" classname="com.TestNgF.Data_Provider"/>
  <system-out/>
</testsuite> <!-- com.TestNgF.Data_Provider -->
